<?xml version="1.0" encoding="UTF-8" standalone="no"?>
<!DOCTYPE log SYSTEM "logger.dtd">
<head/><log>
<record>
  <date>2016-08-03T20:08:14.267-0300</date>
  <logger>LUIZ FERNANDO DA SILVA</logger>
  <level>FINE</level>
  <message>File 115111424-LUIZ FERNANDO DA SILVA.zip was received. It was sent by LUIZ FERNANDO DA SILVA from IP 127.0.1.1</message>
</record>
</log>
<?xml version="1.0" encoding="UTF-8" standalone="no"?>
<!DOCTYPE log SYSTEM "logger.dtd">
<log>
<record>
  <date>2016-08-03T21:02:55.797-0300</date>
  <logger>LUIZ FERNANDO DA SILVA</logger>
  <level>FINE</level>
  <message>File 115111424-LUIZ FERNANDO DA SILVA.zip was received. It was sent by LUIZ FERNANDO DA SILVA from IP 127.0.1.1</message>
</record>
</log>
<?xml version="1.0" encoding="UTF-8" standalone="no"?>
<!DOCTYPE log SYSTEM "logger.dtd">
<log>
<record>
  <date>2016-08-03T21:58:57.113-0300</date>
  <logger>LUIZ FERNANDO DA SILVA</logger>
  <level>FINE</level>
  <message>File 115111424-LUIZ FERNANDO DA SILVA.zip was received. It was sent by LUIZ FERNANDO DA SILVA from IP 127.0.1.1</message>
</record>
</log>
<?xml version="1.0" encoding="UTF-8" standalone="no"?>
<!DOCTYPE log SYSTEM "logger.dtd">
<log>
<record>
  <date>2016-08-03T22:02:33.055-0300</date>
  <logger>LUIZ FERNANDO DA SILVA</logger>
  <level>FINE</level>
  <message>File 115111424-LUIZ FERNANDO DA SILVA.zip was received. It was sent by LUIZ FERNANDO DA SILVA from IP 127.0.1.1</message>
</record>
</log>
<?xml version="1.0" encoding="UTF-8" standalone="no"?>
<!DOCTYPE log SYSTEM "logger.dtd">
<log>
<record>
  <date>2016-08-03T22:08:15.729-0300</date>
  <logger>LUIZ FERNANDO DA SILVA</logger>
  <level>FINE</level>
  <message>File 115111424-LUIZ FERNANDO DA SILVA.zip was received. It was sent by LUIZ FERNANDO DA SILVA from IP 127.0.1.1</message>
</record>
</log>
<?xml version="1.0" encoding="UTF-8" standalone="no"?>
<!DOCTYPE log SYSTEM "logger.dtd">
<log>
<record>
  <date>2016-08-03T22:28:44.191-0300</date>
  <logger>LUIZ FERNANDO DA SILVA</logger>
  <level>FINE</level>
  <message>File 115111424-LUIZ FERNANDO DA SILVA.zip was received. It was sent by LUIZ FERNANDO DA SILVA from IP 127.0.1.1</message>
</record>
