<?xml version="1.0" encoding="UTF-8" standalone="no"?>
<!DOCTYPE log SYSTEM "logger.dtd">
<head/><log>
<record>
  <date>2016-08-01T18:38:23.112-0300</date>
  <logger>LUIZ FERNANDO DA SILVA</logger>
  <level>FINE</level>
  <message>File 115111424-LUIZ FERNANDO DA SILVA.zip was received. It was sent by LUIZ FERNANDO DA SILVA from IP 127.0.1.1</message>
</record>
</log>
<?xml version="1.0" encoding="UTF-8" standalone="no"?>
<!DOCTYPE log SYSTEM "logger.dtd">
<log>
<record>
  <date>2016-08-01T20:01:18.884-0300</date>
  <logger>LUIZ FERNANDO DA SILVA</logger>
  <level>FINE</level>
  <message>File 115111424-LUIZ FERNANDO DA SILVA.zip was received. It was sent by LUIZ FERNANDO DA SILVA from IP 127.0.1.1</message>
</record>
</log>
<?xml version="1.0" encoding="UTF-8" standalone="no"?>
<!DOCTYPE log SYSTEM "logger.dtd">
<log>
<record>
  <date>2016-08-01T20:05:37.584-0300</date>
  <logger>LUIZ FERNANDO DA SILVA</logger>
  <level>FINE</level>
  <message>File 115111424-LUIZ FERNANDO DA SILVA.zip was received. It was sent by LUIZ FERNANDO DA SILVA from IP 127.0.1.1</message>
</record>
</log>
<?xml version="1.0" encoding="UTF-8" standalone="no"?>
<!DOCTYPE log SYSTEM "logger.dtd">
<log>
<record>
  <date>2016-08-01T21:07:30.939-0300</date>
  <logger>LUIZ FERNANDO DA SILVA</logger>
  <level>FINE</level>
  <message>File 115111424-LUIZ FERNANDO DA SILVA.zip was received. It was sent by LUIZ FERNANDO DA SILVA from IP 127.0.1.1</message>
</record>
