<?xml version="1.0" encoding="UTF-8" standalone="no"?>
<!DOCTYPE log SYSTEM "logger.dtd">
<head/><log>
<record>
  <date>2016-08-17T21:31:14.355-0300</date>
  <logger>LUIZ FERNANDO DA SILVA</logger>
  <level>FINE</level>
  <message>File 115111424-LUIZ FERNANDO DA SILVA.zip was received. It was sent by LUIZ FERNANDO DA SILVA from IP 127.0.1.1</message>
</record>
</log>
<?xml version="1.0" encoding="UTF-8" standalone="no"?>
<!DOCTYPE log SYSTEM "logger.dtd">
<log>
<record>
  <date>2016-08-17T22:32:28.570-0300</date>
  <logger>LUIZ FERNANDO DA SILVA</logger>
  <level>FINE</level>
  <message>File 115111424-LUIZ FERNANDO DA SILVA.zip was received. It was sent by LUIZ FERNANDO DA SILVA from IP 127.0.1.1</message>
</record>
</log>
<?xml version="1.0" encoding="UTF-8" standalone="no"?>
<!DOCTYPE log SYSTEM "logger.dtd">
<log>
<record>
  <date>2016-08-18T15:09:46.011-0300</date>
  <logger>LUIZ FERNANDO DA SILVA</logger>
  <level>FINE</level>
  <message>File 115111424-LUIZ FERNANDO DA SILVA.zip was received. It was sent by LUIZ FERNANDO DA SILVA from IP 127.0.1.1</message>
</record>
</log>
<?xml version="1.0" encoding="UTF-8" standalone="no"?>
<!DOCTYPE log SYSTEM "logger.dtd">
<log>
<record>
  <date>2016-08-19T10:05:32.932-0300</date>
  <logger>LUIZ FERNANDO DA SILVA</logger>
  <level>FINE</level>
  <message>File 115111424-LUIZ FERNANDO DA SILVA.zip was received. It was sent by LUIZ FERNANDO DA SILVA from IP 127.0.1.1</message>
</record>
